<?xml version="1.0" encoding="UTF-8"?>
<!-- Generated by org.testng.reporters.JUnitReportReporter -->
<testsuite hostname="ARUNA-PC" name="Lists.Verify_Search_List" tests="1" failures="0" timestamp="25 Mar 2016 11:51:09 GMT" time="8.199" errors="0">
  <testcase name="verify_Search_List" time="8.199" classname="Lists.Verify_Search_List"/>
</testsuite> <!-- Lists.Verify_Search_List -->
