<?xml version="1.0" encoding="UTF-8"?>
<!-- Generated by org.testng.reporters.JUnitReportReporter -->
<testsuite hostname="ARUNA-PC" name="Login.Verify_Logging_In" tests="1" failures="0" timestamp="25 Mar 2016 11:51:09 GMT" time="4.939" errors="0">
  <testcase name="logingIn" time="4.939" classname="Login.Verify_Logging_In"/>
</testsuite> <!-- Login.Verify_Logging_In -->
