<?xml version="1.0" encoding="UTF-8"?>
<!-- Generated by org.testng.reporters.JUnitReportReporter -->
<testsuite hostname="ARUNA-PC" name="Create_Generic_BackUp_Ads.Verify_Landing_Page_URL" tests="1" failures="0" timestamp="7 Mar 2016 13:01:22 GMT" time="0.358" errors="0">
  <testcase name="verify_Landing_Page_url" time="0.358" classname="Create_Generic_BackUp_Ads.Verify_Landing_Page_URL"/>
</testsuite> <!-- Create_Generic_BackUp_Ads.Verify_Landing_Page_URL -->
