<?xml version="1.0" encoding="UTF-8"?>
<!-- Generated by org.testng.reporters.JUnitReportReporter -->
<testsuite hostname="ARUNA-PC" name="Dealers.Verify_Create_Dealer" tests="1" failures="0" timestamp="25 Mar 2016 11:51:09 GMT" time="4.562" errors="0">
  <testcase name="verify_Create_Dealer" time="4.562" classname="Dealers.Verify_Create_Dealer"/>
</testsuite> <!-- Dealers.Verify_Create_Dealer -->
