<?xml version="1.0" encoding="UTF-8"?>
<!-- Generated by org.testng.reporters.JUnitReportReporter -->
<testsuite hostname="ARUNA-PC" name="Manage_Segment.Count_For_Matched_Missed_Multiple" tests="1" failures="0" timestamp="7 Mar 2016 13:01:22 GMT" time="0.078" errors="0">
  <testcase name="manage_segment_for_Matched_Multiple_Missed" time="0.078" classname="Manage_Segment.Count_For_Matched_Missed_Multiple"/>
</testsuite> <!-- Manage_Segment.Count_For_Matched_Missed_Multiple -->
