<?xml version="1.0" encoding="UTF-8"?>
<!-- Generated by org.testng.reporters.JUnitReportReporter -->
<testsuite hostname="ARUNA-PC" name="DealerGroups.Verify_DG_Search" tests="1" failures="0" timestamp="25 Mar 2016 11:51:08 GMT" time="5.318" errors="0">
  <testcase name="verify_Dealer_Group_Search" time="5.318" classname="DealerGroups.Verify_DG_Search"/>
</testsuite> <!-- DealerGroups.Verify_DG_Search -->
