<?xml version="1.0" encoding="UTF-8"?>
<!-- Generated by org.testng.reporters.JUnitReportReporter -->
<testsuite hostname="ARUNA-PC" name="Create_Dynamic_Campaigns.Verify_Landing_Page_Details" tests="1" failures="0" timestamp="7 Mar 2016 13:01:22 GMT" time="13.895" errors="0">
  <testcase name="verify_Landing_Page" time="13.895" classname="Create_Dynamic_Campaigns.Verify_Landing_Page_Details"/>
</testsuite> <!-- Create_Dynamic_Campaigns.Verify_Landing_Page_Details -->
