<?xml version="1.0" encoding="UTF-8"?>
<!-- Generated by org.testng.reporters.JUnitReportReporter -->
<testsuite hostname="ARUNA-PC" name="Static_Campaign.Verify_Create_Static_Campaign" tests="1" failures="0" timestamp="25 Mar 2016 11:51:09 GMT" time="4.458" errors="0">
  <testcase name="verify_Create_Static_Campaign" time="4.458" classname="Static_Campaign.Verify_Create_Static_Campaign"/>
</testsuite> <!-- Static_Campaign.Verify_Create_Static_Campaign -->
