<?xml version="1.0" encoding="UTF-8"?>
<!-- Generated by org.testng.reporters.JUnitReportReporter -->
<testsuite hostname="ARUNA-PC" name="Manage_Segment.Select_Segment_For_Matching" tests="1" failures="0" timestamp="7 Mar 2016 13:01:22 GMT" time="8.726" errors="0">
  <testcase name="select_Segment" time="8.726" classname="Manage_Segment.Select_Segment_For_Matching"/>
</testsuite> <!-- Manage_Segment.Select_Segment_For_Matching -->
