<?xml version="1.0" encoding="UTF-8"?>
<!-- Generated by org.testng.reporters.JUnitReportReporter -->
<testsuite hostname="ARUNA-PC" name="Create_Dynamic_Campaigns.Verify_Text_Preview" tests="1" failures="0" timestamp="7 Mar 2016 13:01:22 GMT" time="6.780" errors="0">
  <testcase name="verify_Text_Preview" time="6.780" classname="Create_Dynamic_Campaigns.Verify_Text_Preview"/>
</testsuite> <!-- Create_Dynamic_Campaigns.Verify_Text_Preview -->
