<?xml version="1.0" encoding="UTF-8"?>
<!-- Generated by org.testng.reporters.JUnitReportReporter -->
<testsuite hostname="ARUNA-PC" name="Create_Generic_BackUp_Ads.Verify_Backup_Checkbox" tests="1" failures="0" timestamp="7 Mar 2016 13:01:22 GMT" time="5.650" errors="0">
  <testcase name="verify_Backup_Checkbox" time="5.650" classname="Create_Generic_BackUp_Ads.Verify_Backup_Checkbox"/>
</testsuite> <!-- Create_Generic_BackUp_Ads.Verify_Backup_Checkbox -->
