<?xml version="1.0" encoding="UTF-8"?>
<!-- Generated by org.testng.reporters.JUnitReportReporter -->
<testsuite hostname="ARUNA-PC" name="Static_Campaign.Verify_With_Out_Creating_Gereric_ClickON_Next" tests="1" failures="0" timestamp="25 Mar 2016 11:51:09 GMT" time="3.055" errors="0">
  <testcase name="verify_with_Out_Creating_Gereric_ClickON_Next" time="3.055" classname="Static_Campaign.Verify_With_Out_Creating_Gereric_ClickON_Next"/>
</testsuite> <!-- Static_Campaign.Verify_With_Out_Creating_Gereric_ClickON_Next -->
