<?xml version="1.0" encoding="UTF-8"?>
<!-- Generated by org.testng.reporters.JUnitReportReporter -->
<testsuite hostname="ARUNA-PC" name="Dealers.Verify_Dealers_Table" tests="1" failures="0" timestamp="25 Mar 2016 11:51:09 GMT" time="2.830" errors="0">
  <testcase name="verify_Dealer_Table" time="2.830" classname="Dealers.Verify_Dealers_Table"/>
</testsuite> <!-- Dealers.Verify_Dealers_Table -->
