<?xml version="1.0" encoding="UTF-8"?>
<!-- Generated by org.testng.reporters.JUnitReportReporter -->
<testsuite hostname="ARUNA-PC" name="Dealers.Verify_Search_Dealer" tests="1" failures="0" timestamp="25 Mar 2016 11:51:10 GMT" time="2.415" errors="0">
  <testcase name="verify_Search_Dealer" time="2.415" classname="Dealers.Verify_Search_Dealer"/>
</testsuite> <!-- Dealers.Verify_Search_Dealer -->
