<?xml version="1.0" encoding="UTF-8"?>
<!-- Generated by org.testng.reporters.JUnitReportReporter -->
<testsuite hostname="ARUNA-PC" name="Static_Campaign.Verify_ST_Next_In_Cust_template" tests="1" failures="0" timestamp="25 Mar 2016 11:51:10 GMT" time="18.449" errors="0">
  <testcase name="verify_Static_Next_IN_Customize_Template" time="18.449" classname="Static_Campaign.Verify_ST_Next_In_Cust_template"/>
</testsuite> <!-- Static_Campaign.Verify_ST_Next_In_Cust_template -->
