<?xml version="1.0" encoding="UTF-8"?>
<!-- Generated by org.testng.reporters.JUnitReportReporter -->
<testsuite hostname="ARUNA-PC" name="Static_Campaign.Verify_Static_Select_A_List" tests="1" failures="0" timestamp="25 Mar 2016 11:51:09 GMT" time="3.851" errors="0">
  <testcase name="verify_Static_Select_A_List" time="3.851" classname="Static_Campaign.Verify_Static_Select_A_List"/>
</testsuite> <!-- Static_Campaign.Verify_Static_Select_A_List -->
