<?xml version="1.0" encoding="UTF-8"?>
<!-- Generated by org.testng.reporters.JUnitReportReporter -->
<testsuite hostname="ARUNA-PC" name="DealerGroups.Verify_DG_Table" tests="1" failures="0" timestamp="25 Mar 2016 11:51:09 GMT" time="3.525" errors="0">
  <testcase name="verify_Dealer_Group_Table" time="3.525" classname="DealerGroups.Verify_DG_Table"/>
</testsuite> <!-- DealerGroups.Verify_DG_Table -->
