<?xml version="1.0" encoding="UTF-8"?>
<!-- Generated by org.testng.reporters.JUnitReportReporter -->
<testsuite hostname="ARUNA-PC" name="Edit_Campaign.Verify_Select_A_Template_InEdit" tests="1" failures="0" timestamp="25 Mar 2016 06:10:32 GMT" time="0.187" errors="0">
  <testcase name="verify_Select_A_Template_InEdit" time="0.187" classname="Edit_Campaign.Verify_Select_A_Template_InEdit"/>
</testsuite> <!-- Edit_Campaign.Verify_Select_A_Template_InEdit -->
