<?xml version="1.0" encoding="UTF-8"?>
<!-- Generated by org.testng.reporters.JUnitReportReporter -->
<testsuite hostname="ARUNA-PC" name="Launch_Dynamic_Campaign.Verify_Launch_Dynamic_Campaign" tests="1" failures="0" timestamp="25 Mar 2016 11:51:09 GMT" time="7.626" errors="0">
  <testcase name="verify_Campaign_Pagination" time="7.626" classname="Launch_Dynamic_Campaign.Verify_Launch_Dynamic_Campaign"/>
</testsuite> <!-- Launch_Dynamic_Campaign.Verify_Launch_Dynamic_Campaign -->
