<?xml version="1.0" encoding="UTF-8"?>
<!-- Generated by org.testng.reporters.JUnitReportReporter -->
<testsuite hostname="ARUNA-PC" name="Lists.Verify_Import_Members" tests="1" failures="0" timestamp="25 Mar 2016 11:51:09 GMT" time="4.284" errors="0">
  <testcase name="verify_Import_Members" time="4.284" classname="Lists.Verify_Import_Members"/>
</testsuite> <!-- Lists.Verify_Import_Members -->
