<?xml version="1.0" encoding="UTF-8"?>
<!-- Generated by org.testng.reporters.JUnitReportReporter -->
<testsuite hostname="ARUNA-PC" name="Static_Campaign.Verify_St_Landing_Page_Details" tests="1" failures="0" timestamp="25 Mar 2016 11:51:08 GMT" time="13.368" errors="0">
  <testcase name="verify_Static_Landing_Page_Details" time="13.368" classname="Static_Campaign.Verify_St_Landing_Page_Details"/>
</testsuite> <!-- Static_Campaign.Verify_St_Landing_Page_Details -->
