<?xml version="1.0" encoding="UTF-8"?>
<!-- Generated by org.testng.reporters.JUnitReportReporter -->
<testsuite hostname="ARUNA-PC" name="Create_Dynamic_Campaigns.Verify_Create_Dynamic_Campaign" tests="1" failures="0" timestamp="7 Mar 2016 13:01:22 GMT" time="4.795" errors="0">
  <testcase name="verify_Create_Dynamic_Campaign" time="4.795" classname="Create_Dynamic_Campaigns.Verify_Create_Dynamic_Campaign"/>
</testsuite> <!-- Create_Dynamic_Campaigns.Verify_Create_Dynamic_Campaign -->
