<?xml version="1.0" encoding="UTF-8"?>
<!-- Generated by org.testng.reporters.JUnitReportReporter -->
<testsuite hostname="ARUNA-PC" name="Edit_Campaign.Verify_Manage_Segments_In_Edit" tests="1" failures="0" timestamp="25 Mar 2016 06:10:32 GMT" time="2.904" errors="0">
  <testcase name="verify_Manage_Segments_In_Edit" time="2.904" classname="Edit_Campaign.Verify_Manage_Segments_In_Edit"/>
</testsuite> <!-- Edit_Campaign.Verify_Manage_Segments_In_Edit -->
