<?xml version="1.0" encoding="UTF-8"?>
<!-- Generated by org.testng.reporters.JUnitReportReporter -->
<testsuite hostname="ARUNA-PC" name="Users.Verify_Create_User" tests="1" failures="0" timestamp="25 Mar 2016 11:51:09 GMT" time="5.108" errors="0">
  <testcase name="verify_Create_User" time="5.108" classname="Users.Verify_Create_User"/>
</testsuite> <!-- Users.Verify_Create_User -->
