<?xml version="1.0" encoding="UTF-8"?>
<!-- Generated by org.testng.reporters.JUnitReportReporter -->
<testsuite hostname="ARUNA-PC" name="Edit_Campaign.Click_On_Edit" tests="1" failures="0" timestamp="25 Mar 2016 06:10:32 GMT" time="0.765" errors="0">
  <testcase name="clickon_Edit" time="0.765" classname="Edit_Campaign.Click_On_Edit"/>
</testsuite> <!-- Edit_Campaign.Click_On_Edit -->
