<?xml version="1.0" encoding="UTF-8"?>
<!-- Generated by org.testng.reporters.JUnitReportReporter -->
<testsuite hostname="ARUNA-PC" name="Create_Dynamic_Campaigns.Verify_General_Info" tests="1" failures="0" timestamp="7 Mar 2016 13:01:22 GMT" time="14.421" errors="0">
  <testcase name="verify_General_Information" time="14.421" classname="Create_Dynamic_Campaigns.Verify_General_Info"/>
</testsuite> <!-- Create_Dynamic_Campaigns.Verify_General_Info -->
