<?xml version="1.0" encoding="UTF-8"?>
<!-- Generated by org.testng.reporters.JUnitReportReporter -->
<testsuite hostname="ARUNA-PC" name="Segments.Verify_Add_Selected_Segments" tests="1" failures="0" timestamp="25 Mar 2016 11:51:09 GMT" time="8.310" errors="0">
  <testcase name="verify_Add_Selected" time="8.310" classname="Segments.Verify_Add_Selected_Segments"/>
</testsuite> <!-- Segments.Verify_Add_Selected_Segments -->
