<?xml version="1.0" encoding="UTF-8"?>
<!-- Generated by org.testng.reporters.JUnitReportReporter -->
<testsuite hostname="ARUNA-PC" name="Lists.Verify_List_Page" tests="1" failures="0" timestamp="25 Mar 2016 11:51:09 GMT" time="2.899" errors="0">
  <testcase name="verify_List_Table" time="2.899" classname="Lists.Verify_List_Page"/>
</testsuite> <!-- Lists.Verify_List_Page -->
