<?xml version="1.0" encoding="UTF-8"?>
<!-- Generated by org.testng.reporters.JUnitReportReporter -->
<testsuite hostname="ARUNA-PC" name="Lists.Verify_Create_List" tests="1" failures="0" timestamp="25 Mar 2016 11:51:08 GMT" time="2.437" errors="0">
  <testcase name="verify_Create_List" time="2.437" classname="Lists.Verify_Create_List"/>
</testsuite> <!-- Lists.Verify_Create_List -->
