<?xml version="1.0" encoding="UTF-8"?>
<!-- Generated by org.testng.reporters.JUnitReportReporter -->
<testsuite hostname="ARUNA-PC" name="Create_Generic_BackUp_Ads.Click_Next_Button_without_Creating_Backup" tests="1" failures="0" timestamp="7 Mar 2016 13:01:22 GMT" time="2.512" errors="0">
  <testcase name="verify_Next_Button_Without_Creating_Backup_Ad" time="2.512" classname="Create_Generic_BackUp_Ads.Click_Next_Button_without_Creating_Backup"/>
</testsuite> <!-- Create_Generic_BackUp_Ads.Click_Next_Button_without_Creating_Backup -->
