<?xml version="1.0" encoding="UTF-8"?>
<!-- Generated by org.testng.reporters.JUnitReportReporter -->
<testsuite hostname="ARUNA-PC" name="Preview.Verify_TextLines_In_CBFeed" tests="1" failures="0" timestamp="7 Mar 2016 06:33:50 GMT" time="54.898" errors="0">
  <testcase name="verify_Preview_TextLines" time="54.898" classname="Preview.Verify_TextLines_In_CBFeed"/>
</testsuite> <!-- Preview.Verify_TextLines_In_CBFeed -->
