<?xml version="1.0" encoding="UTF-8"?>
<!-- Generated by org.testng.reporters.JUnitReportReporter -->
<testsuite hostname="ARUNA-PC" name="Users.Verify_User_Table" tests="1" failures="0" timestamp="25 Mar 2016 11:51:09 GMT" time="3.974" errors="0">
  <testcase name="verify_User_Table" time="3.974" classname="Users.Verify_User_Table"/>
</testsuite> <!-- Users.Verify_User_Table -->
