<?xml version="1.0" encoding="UTF-8"?>
<!-- Generated by org.testng.reporters.JUnitReportReporter -->
<testsuite hostname="ARUNA-PC" name="Create_Generic_BackUp_Ads.Create_BackUpAd" tests="1" failures="0" timestamp="7 Mar 2016 13:01:22 GMT" time="20.572" errors="0">
  <testcase name="verify_Backup_Ad" time="20.572" classname="Create_Generic_BackUp_Ads.Create_BackUpAd"/>
</testsuite> <!-- Create_Generic_BackUp_Ads.Create_BackUpAd -->
