<?xml version="1.0" encoding="UTF-8"?>
<!-- Generated by org.testng.reporters.JUnitReportReporter -->
<testsuite hostname="ARUNA-PC" name="Send_Email_Reports.Sending_Email" tests="1" failures="0" timestamp="1 Feb 2016 06:23:01 GMT" time="2.154" errors="0">
  <testcase name="verify_Sending_Email" time="2.154" classname="Send_Email_Reports.Sending_Email"/>
</testsuite> <!-- Send_Email_Reports.Sending_Email -->
