<?xml version="1.0" encoding="UTF-8"?>
<!-- Generated by org.testng.reporters.JUnitReportReporter -->
<testsuite hostname="ARUNA-PC" name="Static_Campaign.Verify_Choose_A_Type" tests="1" failures="0" timestamp="25 Mar 2016 11:51:09 GMT" time="2.242" errors="0">
  <testcase name="verify_Choose_A_Type" time="2.242" classname="Static_Campaign.Verify_Choose_A_Type"/>
</testsuite> <!-- Static_Campaign.Verify_Choose_A_Type -->
