<?xml version="1.0" encoding="UTF-8"?>
<!-- Generated by org.testng.reporters.JUnitReportReporter -->
<testsuite hostname="ARUNA-PC" name="Preview.Verify_Preview_Page" tests="1" failures="0" timestamp="7 Mar 2016 13:01:22 GMT" time="10.164" errors="0">
  <testcase name="verify_Create_Dynamic_Campaign" time="10.164" classname="Preview.Verify_Preview_Page"/>
</testsuite> <!-- Preview.Verify_Preview_Page -->
