<?xml version="1.0" encoding="UTF-8"?>
<!-- Generated by org.testng.reporters.JUnitReportReporter -->
<testsuite hostname="ARUNA-PC" name="Create_Dynamic_Campaigns.Verify_Choose_A_Type" tests="1" failures="0" timestamp="7 Mar 2016 13:01:22 GMT" time="1.867" errors="0">
  <testcase name="verify_Choose_A_Type_Of_Campaign" time="1.867" classname="Create_Dynamic_Campaigns.Verify_Choose_A_Type"/>
</testsuite> <!-- Create_Dynamic_Campaigns.Verify_Choose_A_Type -->
