<?xml version="1.0" encoding="UTF-8"?>
<!-- Generated by org.testng.reporters.JUnitReportReporter -->
<testsuite hostname="ARUNA-PC" name="DealerGroups.Verify_Edit_DG" tests="1" failures="0" timestamp="25 Mar 2016 11:51:09 GMT" time="3.295" errors="0">
  <testcase name="verify_Edit_Dealer_Group" time="3.295" classname="DealerGroups.Verify_Edit_DG"/>
</testsuite> <!-- DealerGroups.Verify_Edit_DG -->
