<?xml version="1.0" encoding="UTF-8"?>
<!-- Generated by org.testng.reporters.JUnitReportReporter -->
<testsuite hostname="ARUNA-PC" name="Users.Verify_Edit_User" tests="1" failures="0" timestamp="25 Mar 2016 11:51:09 GMT" time="2.433" errors="0">
  <testcase name="verify_Edit_User" time="2.433" classname="Users.Verify_Edit_User"/>
</testsuite> <!-- Users.Verify_Edit_User -->
