<?xml version="1.0" encoding="UTF-8"?>
<!-- Generated by org.testng.reporters.JUnitReportReporter -->
<testsuite hostname="ARUNA-PC" name="Static_Campaign.Verify_Static_General_Info" tests="1" failures="0" timestamp="25 Mar 2016 11:51:08 GMT" time="15.512" errors="0">
  <testcase name="verify_Static_General_Info" time="15.512" classname="Static_Campaign.Verify_Static_General_Info"/>
</testsuite> <!-- Static_Campaign.Verify_Static_General_Info -->
