<?xml version="1.0" encoding="UTF-8"?>
<!-- Generated by org.testng.reporters.JUnitReportReporter -->
<testsuite hostname="ARUNA-PC" name="Lists.Verify_List_Setup" tests="1" failures="0" timestamp="25 Mar 2016 11:51:09 GMT" time="10.886" errors="0">
  <testcase name="verify_List_Setup" time="10.886" classname="Lists.Verify_List_Setup"/>
</testsuite> <!-- Lists.Verify_List_Setup -->
