<?xml version="1.0" encoding="UTF-8"?>
<!-- Generated by org.testng.reporters.JUnitReportReporter -->
<testsuite hostname="ARUNA-PC" name="Create_Dynamic_Campaigns.Verify_Select_Template" tests="1" failures="0" timestamp="7 Mar 2016 13:01:22 GMT" time="4.170" errors="0">
  <testcase name="verify_Select_Template" time="4.170" classname="Create_Dynamic_Campaigns.Verify_Select_Template"/>
</testsuite> <!-- Create_Dynamic_Campaigns.Verify_Select_Template -->
