<?xml version="1.0" encoding="UTF-8"?>
<!-- Generated by org.testng.reporters.JUnitReportReporter -->
<testsuite hostname="ARUNA-PC" name="Create_Generic_BackUp_Ads.Create_GenericAd" tests="1" failures="0" timestamp="7 Mar 2016 13:01:22 GMT" time="12.607" errors="0">
  <testcase name="verify_Create_Generic_Ad" time="12.607" classname="Create_Generic_BackUp_Ads.Create_GenericAd"/>
</testsuite> <!-- Create_Generic_BackUp_Ads.Create_GenericAd -->
