<?xml version="1.0" encoding="UTF-8"?>
<!-- Generated by org.testng.reporters.JUnitReportReporter -->
<testsuite hostname="ARUNA-PC" name="Logoff.Verify_User_Logoff" tests="1" failures="0" timestamp="25 Mar 2016 11:51:09 GMT" time="1.361" errors="0">
  <testcase name="log_Off" time="1.361" classname="Logoff.Verify_User_Logoff"/>
</testsuite> <!-- Logoff.Verify_User_Logoff -->
