<?xml version="1.0" encoding="UTF-8"?>
<!-- Generated by org.testng.reporters.JUnitReportReporter -->
<testsuite hostname="ARUNA-PC" name="Static_Campaign.Verify_Launch_Static_Campaign" tests="1" failures="0" timestamp="25 Mar 2016 11:51:08 GMT" time="5.293" errors="0">
  <testcase name="verify_Static_Launch" time="5.293" classname="Static_Campaign.Verify_Launch_Static_Campaign"/>
</testsuite> <!-- Static_Campaign.Verify_Launch_Static_Campaign -->
