<?xml version="1.0" encoding="UTF-8"?>
<!-- Generated by org.testng.reporters.JUnitReportReporter -->
<testsuite hostname="ARUNA-PC" name="Create_Generic_BackUp_Ads.Verify_Text_Lines" tests="1" failures="0" timestamp="7 Mar 2016 13:01:22 GMT" time="0.929" errors="0">
  <testcase name="verify_Text_Lines_In_Create_Generic_Ad" time="0.929" classname="Create_Generic_BackUp_Ads.Verify_Text_Lines"/>
</testsuite> <!-- Create_Generic_BackUp_Ads.Verify_Text_Lines -->
