<?xml version="1.0" encoding="UTF-8"?>
<!-- Generated by org.testng.reporters.JUnitReportReporter -->
<testsuite hostname="ARUNA-PC" name="DealerGroups.Verify_Create_DG" tests="1" failures="0" timestamp="25 Mar 2016 11:51:09 GMT" time="4.286" errors="0">
  <testcase name="verify_Create_Dealer_Group" time="4.286" classname="DealerGroups.Verify_Create_DG"/>
</testsuite> <!-- DealerGroups.Verify_Create_DG -->
