<?xml version="1.0" encoding="UTF-8"?>
<!-- Generated by org.testng.reporters.JUnitReportReporter -->
<testsuite hostname="ARUNA-PC" name="Static_Campaign.Verify_St_CBF_CountWithPreview" tests="1" failures="0" timestamp="25 Mar 2016 11:51:08 GMT" time="5.879" errors="0">
  <testcase name="verify_Static_CB_Feed_Count_With_Preview" time="5.879" classname="Static_Campaign.Verify_St_CBF_CountWithPreview"/>
</testsuite> <!-- Static_Campaign.Verify_St_CBF_CountWithPreview -->
