<?xml version="1.0" encoding="UTF-8"?>
<!-- Generated by org.testng.reporters.JUnitReportReporter -->
<testsuite hostname="ARUNA-PC" name="Launch_Dynamic_Campaign.Verify_Ready_To_Launch" tests="1" failures="0" timestamp="25 Mar 2016 11:51:08 GMT" time="1.302" errors="0">
  <testcase name="verify_Campaign_Pagination" time="1.302" classname="Launch_Dynamic_Campaign.Verify_Ready_To_Launch"/>
</testsuite> <!-- Launch_Dynamic_Campaign.Verify_Ready_To_Launch -->
