<?xml version="1.0" encoding="UTF-8"?>
<!-- Generated by org.testng.reporters.JUnitReportReporter -->
<testsuite hostname="ARUNA-PC" name="Segments.Verify_Create_Segment" tests="1" failures="0" timestamp="25 Mar 2016 11:51:09 GMT" time="3.606" errors="0">
  <testcase name="verify_Create_Segment" time="3.606" classname="Segments.Verify_Create_Segment"/>
</testsuite> <!-- Segments.Verify_Create_Segment -->
