<?xml version="1.0" encoding="UTF-8"?>
<!-- Generated by org.testng.reporters.JUnitReportReporter -->
<testsuite hostname="ARUNA-PC" name="Preview.Verify_Background_Images" tests="1" failures="0" timestamp="7 Mar 2016 13:01:22 GMT" time="127.792" errors="0">
  <testcase name="verify_Background_Images" time="127.792" classname="Preview.Verify_Background_Images"/>
</testsuite> <!-- Preview.Verify_Background_Images -->
