<?xml version="1.0" encoding="UTF-8"?>
<!-- Generated by org.testng.reporters.JUnitReportReporter -->
<testsuite hostname="ARUNA-PC" name="Login.LoginTest" tests="1" failures="0" timestamp="7 Mar 2016 13:01:22 GMT" time="5.855" errors="0">
  <testcase name="logIn" time="5.855" classname="Login.LoginTest"/>
</testsuite> <!-- Login.LoginTest -->
