<?xml version="1.0" encoding="UTF-8"?>
<!-- Generated by org.testng.reporters.JUnitReportReporter -->
<testsuite hostname="ARUNA-PC" name="Edit_Campaign.Verify_Edit_Camp_Select_A_List" tests="1" failures="0" timestamp="25 Mar 2016 06:10:32 GMT" time="4.435" errors="0">
  <testcase name="verify_select_A_List_InEdit" time="4.435" classname="Edit_Campaign.Verify_Edit_Camp_Select_A_List"/>
</testsuite> <!-- Edit_Campaign.Verify_Edit_Camp_Select_A_List -->
